GROUP,PACKAGE,CLASS,INSTRUCTION_MISSED,INSTRUCTION_COVERED,BRANCH_MISSED,BRANCH_COVERED,LINE_MISSED,LINE_COVERED,COMPLEXITY_MISSED,COMPLEXITY_COVERED,METHOD_MISSED,METHOD_COVERED
rede,com.entregas.rede.mensagem,MensagemArquivo,10,0,0,0,3,0,3,0,3,0
rede,com.entregas.rede.mensagem,MensagemService,57,3,0,0,12,1,5,1,5,1
rede,com.entregas.rede.mensagem,MensagemTexto,10,0,0,0,3,0,3,0,3,0
rede,com.entregas.rede.mensagem,MensagemController,24,3,0,0,5,1,5,1,5,1
rede,com.entregas.rede.mensagem,Mensagem,12,26,0,0,4,3,4,7,4,7
rede,com.entregas.rede,RedeApplication,5,3,0,0,2,1,1,1,1,1
rede,com.entregas.rede.usuario,Usuario,3,28,0,0,1,5,1,8,1,8
rede,com.entregas.rede.usuario,UsuarioService,0,18,0,0,0,4,0,4,0,4
rede,com.entregas.rede.usuario,UsuarioController,14,3,0,0,3,1,3,1,3,1
